<?xml version="1.0" encoding="UTF-8"?>
<testng-results ignored="0" total="1" passed="1" failed="0" skipped="0">
  <reporter-output>
  </reporter-output>
  <suite started-at="2024-11-14T16:02:45 IST" name="Suite" finished-at="2024-11-14T16:02:52 IST" duration-ms="7421">
    <groups>
    </groups>
    <test started-at="2024-11-14T16:02:45 IST" name="Test" finished-at="2024-11-14T16:02:52 IST" duration-ms="7421">
      <class name="com.avighna.qa.testCase.LoginTest">
        <test-method is-config="true" signature="setup()[pri:0, instance:com.avighna.qa.testCase.LoginTest@441772e]" started-at="2024-11-14T16:02:45 IST" name="setup" finished-at="2024-11-14T16:02:51 IST" duration-ms="6485" status="PASS">
          <reporter-output>
          </reporter-output>
        </test-method> <!-- setup -->
        <test-method signature="LoginToPortal()[pri:0, instance:com.avighna.qa.testCase.LoginTest@441772e]" started-at="2024-11-14T16:02:51 IST" name="LoginToPortal" finished-at="2024-11-14T16:02:52 IST" duration-ms="891" status="PASS">
          <reporter-output>
          </reporter-output>
        </test-method> <!-- LoginToPortal -->
      </class> <!-- com.avighna.qa.testCase.LoginTest -->
    </test> <!-- Test -->
  </suite> <!-- Suite -->
</testng-results>
