<?xml version="1.0" encoding="UTF-8"?>
<testng-results ignored="0" total="1" passed="1" failed="0" skipped="0">
  <reporter-output>
  </reporter-output>
  <suite started-at="2024-11-15T10:34:44 IST" name="Default suite" finished-at="2024-11-15T10:34:51 IST" duration-ms="6761">
    <groups>
    </groups>
    <test started-at="2024-11-15T10:34:44 IST" name="Default test" finished-at="2024-11-15T10:34:51 IST" duration-ms="6761">
      <class name="com.avighna.qa.testCase.LoginTest">
        <test-method is-config="true" signature="setup()[pri:0, instance:com.avighna.qa.testCase.LoginTest@14dd9eb7]" started-at="2024-11-15T10:34:44 IST" name="setup" finished-at="2024-11-15T10:34:50 IST" duration-ms="5908" status="PASS">
          <reporter-output>
          </reporter-output>
        </test-method> <!-- setup -->
        <test-method signature="LoginToPortal()[pri:0, instance:com.avighna.qa.testCase.LoginTest@14dd9eb7]" started-at="2024-11-15T10:34:50 IST" name="LoginToPortal" finished-at="2024-11-15T10:34:51 IST" duration-ms="821" status="PASS">
          <reporter-output>
          </reporter-output>
        </test-method> <!-- LoginToPortal -->
      </class> <!-- com.avighna.qa.testCase.LoginTest -->
    </test> <!-- Default test -->
  </suite> <!-- Default suite -->
</testng-results>
